{"@timestamp":"2023-08-12T04:04:43.800+08:00","@version":"1","message":"Starting UserControllerTest using Java 17.0.8 with PID 92597 (started by pacifique in /home/pacifique/code/JAVA/springprojects/task-management-api-springboot)","logger_name":"com.pacifique.todoapp.controller.UserControllerTest","thread_name":"main","level":"INFO","level_value":20000}
{"@timestamp":"2023-08-12T04:04:43.803+08:00","@version":"1","message":"The following 1 profile is active: \"test\"","logger_name":"com.pacifique.todoapp.controller.UserControllerTest","thread_name":"main","level":"INFO","level_value":20000}
{"@timestamp":"2023-08-12T04:04:48.349+08:00","@version":"1","message":"Started UserControllerTest in 6.841 seconds (process running for 13.708)","logger_name":"com.pacifique.todoapp.controller.UserControllerTest","thread_name":"main","level":"INFO","level_value":20000}
{"@timestamp":"2023-08-12T04:04:53.591+08:00","@version":"1","message":"Starting UserRepositoryTest using Java 17.0.8 with PID 92597 (started by pacifique in /home/pacifique/code/JAVA/springprojects/task-management-api-springboot)","logger_name":"com.pacifique.todoapp.repository.UserRepositoryTest","thread_name":"main","level":"INFO","level_value":20000}
{"@timestamp":"2023-08-12T04:04:53.591+08:00","@version":"1","message":"The following 1 profile is active: \"test\"","logger_name":"com.pacifique.todoapp.repository.UserRepositoryTest","thread_name":"main","level":"INFO","level_value":20000}
{"@timestamp":"2023-08-12T04:04:57.917+08:00","@version":"1","message":"Started UserRepositoryTest in 4.407 seconds (process running for 23.276)","logger_name":"com.pacifique.todoapp.repository.UserRepositoryTest","thread_name":"main","level":"INFO","level_value":20000}
{"@timestamp":"2023-08-12T04:04:58.862+08:00","@version":"1","message":"Starting UserControllerIntegrationTest using Java 17.0.8 with PID 92597 (started by pacifique in /home/pacifique/code/JAVA/springprojects/task-management-api-springboot)","logger_name":"com.pacifique.todoapp.integration.usercontroller.UserControllerIntegrationTest","thread_name":"main","level":"INFO","level_value":20000}
{"@timestamp":"2023-08-12T04:04:58.863+08:00","@version":"1","message":"The following 1 profile is active: \"test\"","logger_name":"com.pacifique.todoapp.integration.usercontroller.UserControllerIntegrationTest","thread_name":"main","level":"INFO","level_value":20000}
{"@timestamp":"2023-08-12T04:05:03.702+08:00","@version":"1","message":"Started UserControllerIntegrationTest in 4.89 seconds (process running for 29.061)","logger_name":"com.pacifique.todoapp.integration.usercontroller.UserControllerIntegrationTest","thread_name":"main","level":"INFO","level_value":20000}
{"@timestamp":"2023-08-12T04:05:04.904+08:00","@version":"1","message":"user is registered successfully","logger_name":"com.pacifique.todoapp.service.UserService","thread_name":"http-nio-auto-1-exec-1","level":"INFO","level_value":20000}
{"@timestamp":"2023-08-12T04:05:05.255+08:00","@version":"1","message":"no user","logger_name":"com.pacifique.todoapp.service.UserService","thread_name":"http-nio-auto-1-exec-3","level":"WARN","level_value":30000}
{"@timestamp":"2023-08-12T04:05:05.416+08:00","@version":"1","message":"no user","logger_name":"com.pacifique.todoapp.service.UserService","thread_name":"http-nio-auto-1-exec-5","level":"WARN","level_value":30000}
{"@timestamp":"2023-08-12T04:05:05.507+08:00","@version":"1","message":"Welcome endpoint is called..","logger_name":"com.pacifique.todoapp.controller.HomeController","thread_name":"http-nio-auto-1-exec-6","level":"INFO","level_value":20000}
{"@timestamp":"2023-08-12T04:05:05.821+08:00","@version":"1","message":"user is registered successfully","logger_name":"com.pacifique.todoapp.service.UserService","thread_name":"main","level":"INFO","level_value":20000}
{"@timestamp":"2023-08-12T04:05:05.839+08:00","@version":"1","message":"no user","logger_name":"com.pacifique.todoapp.service.UserService","thread_name":"main","level":"WARN","level_value":30000}
{"@timestamp":"2023-08-12T04:05:14.636+08:00","@version":"1","message":"Starting Main using Java 17.0.8 with PID 93162 (/home/pacifique/code/JAVA/springprojects/task-management-api-springboot/target/classes started by pacifique in /home/pacifique/code/JAVA/springprojects/task-management-api-springboot)","logger_name":"com.pacifique.todoapp.Main","thread_name":"main","level":"INFO","level_value":20000}
{"@timestamp":"2023-08-12T04:05:14.638+08:00","@version":"1","message":"The following 1 profile is active: \"dev\"","logger_name":"com.pacifique.todoapp.Main","thread_name":"main","level":"INFO","level_value":20000}
{"@timestamp":"2023-08-12T04:05:21.952+08:00","@version":"1","message":"Started Main in 8.367 seconds (process running for 8.822)","logger_name":"com.pacifique.todoapp.Main","thread_name":"main","level":"INFO","level_value":20000}
{"@timestamp":"2023-08-12T04:08:05.030+08:00","@version":"1","message":"no user","logger_name":"com.pacifique.todoapp.service.UserService","thread_name":"http-nio-8080-exec-2","level":"WARN","level_value":30000}
{"@timestamp":"2023-08-12T04:13:35.234+08:00","@version":"1","message":"Starting UserControllerTest using Java 17.0.8 with PID 96056 (started by pacifique in /home/pacifique/code/JAVA/springprojects/task-management-api-springboot)","logger_name":"com.pacifique.todoapp.controller.UserControllerTest","thread_name":"main","level":"INFO","level_value":20000}
{"@timestamp":"2023-08-12T04:13:35.237+08:00","@version":"1","message":"The following 1 profile is active: \"test\"","logger_name":"com.pacifique.todoapp.controller.UserControllerTest","thread_name":"main","level":"INFO","level_value":20000}
{"@timestamp":"2023-08-12T04:13:40.280+08:00","@version":"1","message":"Started UserControllerTest in 7.86 seconds (process running for 15.507)","logger_name":"com.pacifique.todoapp.controller.UserControllerTest","thread_name":"main","level":"INFO","level_value":20000}
{"@timestamp":"2023-08-12T04:13:46.467+08:00","@version":"1","message":"Starting UserRepositoryTest using Java 17.0.8 with PID 96056 (started by pacifique in /home/pacifique/code/JAVA/springprojects/task-management-api-springboot)","logger_name":"com.pacifique.todoapp.repository.UserRepositoryTest","thread_name":"main","level":"INFO","level_value":20000}
{"@timestamp":"2023-08-12T04:13:46.468+08:00","@version":"1","message":"The following 1 profile is active: \"test\"","logger_name":"com.pacifique.todoapp.repository.UserRepositoryTest","thread_name":"main","level":"INFO","level_value":20000}
{"@timestamp":"2023-08-12T04:13:52.021+08:00","@version":"1","message":"Started UserRepositoryTest in 5.631 seconds (process running for 27.248)","logger_name":"com.pacifique.todoapp.repository.UserRepositoryTest","thread_name":"main","level":"INFO","level_value":20000}
{"@timestamp":"2023-08-12T04:13:53.439+08:00","@version":"1","message":"Starting UserControllerIntegrationTest using Java 17.0.8 with PID 96056 (started by pacifique in /home/pacifique/code/JAVA/springprojects/task-management-api-springboot)","logger_name":"com.pacifique.todoapp.integration.usercontroller.UserControllerIntegrationTest","thread_name":"main","level":"INFO","level_value":20000}
{"@timestamp":"2023-08-12T04:13:53.440+08:00","@version":"1","message":"The following 1 profile is active: \"test\"","logger_name":"com.pacifique.todoapp.integration.usercontroller.UserControllerIntegrationTest","thread_name":"main","level":"INFO","level_value":20000}
{"@timestamp":"2023-08-12T04:14:00.267+08:00","@version":"1","message":"Started UserControllerIntegrationTest in 6.894 seconds (process running for 35.494)","logger_name":"com.pacifique.todoapp.integration.usercontroller.UserControllerIntegrationTest","thread_name":"main","level":"INFO","level_value":20000}
{"@timestamp":"2023-08-12T04:14:01.395+08:00","@version":"1","message":"user is registered successfully","logger_name":"com.pacifique.todoapp.service.UserService","thread_name":"http-nio-auto-1-exec-1","level":"INFO","level_value":20000}
{"@timestamp":"2023-08-12T04:14:02.349+08:00","@version":"1","message":"user is registered successfully","logger_name":"com.pacifique.todoapp.service.UserService","thread_name":"main","level":"INFO","level_value":20000}
